2020-06-10 16:49:06,736 [Worker-4] INFO  c.g.t.t.d.PublishedGradleVersions - Gradle version information cache is up-to-date. Trying to read.
2020-06-10 17:08:31,514 [Worker-2] INFO  o.e.m.c.i.i.nexus.NexusIndexManager - Updating index for repository: central|https://repo.maven.apache.org/maven2
2020-06-10 17:26:40,140 [Worker-2] INFO  o.e.m.c.i.i.nexus.NexusIndexManager - Updated index for repository: central|https://repo.maven.apache.org/maven2 in 1088627 ms
2020-06-10 17:39:47,987 [Worker-5] INFO  c.g.t.t.d.PublishedGradleVersions - Gradle version information cache is up-to-date. Trying to read.
2020-06-10 17:42:39,387 [Worker-10] INFO  o.e.m.c.i.l.LifecycleMappingFactory - Using org.eclipse.m2e.jdt.JarLifecycleMapping lifecycle mapping for MavenProject: com.team1280.robotsim:RobotSim2.0:0.0.1-SNAPSHOT @ D:\Programs\Java\RobotSim2.0\RobotSim2.0\pom.xml.
2020-06-10 17:42:41,786 [Worker-10] INFO  o.e.m.j.i.AbstractJavaProjectConfigurator - Adding source folder /RobotSim2.0/src/main/java
2020-06-10 17:42:41,787 [Worker-10] INFO  o.e.m.j.i.AbstractJavaProjectConfigurator - Adding resource folder /RobotSim2.0/src/main/resources
2020-06-10 17:42:41,788 [Worker-10] INFO  o.e.m.j.i.AbstractJavaProjectConfigurator - Adding source folder /RobotSim2.0/src/test/java
2020-06-10 17:42:41,788 [Worker-10] INFO  o.e.m.j.i.AbstractJavaProjectConfigurator - Adding resource folder /RobotSim2.0/src/test/resources
2020-06-10 17:42:44,351 [Worker-4] WARN  o.e.m.c.i.embedder.EclipseLogger - Using platform encoding (Cp1252 actually) to copy filtered resources, i.e. build is platform dependent!
2020-06-10 17:42:44,363 [Worker-4] INFO  o.e.m.c.i.embedder.EclipseLogger - Copying 0 resource
2020-06-10 17:42:44,367 [Worker-4] WARN  o.e.m.c.i.embedder.EclipseLogger - Using platform encoding (Cp1252 actually) to copy filtered resources, i.e. build is platform dependent!
2020-06-10 17:42:44,372 [Worker-4] INFO  o.e.m.c.i.embedder.EclipseLogger - Copying 0 resource
2020-06-10 17:50:26,279 [Worker-14] INFO  o.e.m.c.i.l.LifecycleMappingFactory - Using org.eclipse.m2e.jdt.JarLifecycleMapping lifecycle mapping for MavenProject: com.team1280.robotsim:RobotSim2.0:0.0.1-SNAPSHOT @ D:\Programs\Java\RobotSim2.0\RobotSim2.0\pom.xml.
2020-06-10 17:50:26,689 [Worker-14] WARN  o.e.m.c.i.embedder.EclipseLogger - Using platform encoding (Cp1252 actually) to copy filtered resources, i.e. build is platform dependent!
2020-06-10 17:50:26,710 [Worker-14] INFO  o.e.m.c.i.embedder.EclipseLogger - Copying 0 resource
2020-06-10 17:50:26,712 [Worker-14] WARN  o.e.m.c.i.embedder.EclipseLogger - Using platform encoding (Cp1252 actually) to copy filtered resources, i.e. build is platform dependent!
2020-06-10 17:50:26,724 [Worker-14] INFO  o.e.m.c.i.embedder.EclipseLogger - Copying 0 resource
2020-06-10 19:30:43,339 [Worker-25] WARN  o.e.m.c.i.embedder.EclipseLogger - Using platform encoding (Cp1252 actually) to copy filtered resources, i.e. build is platform dependent!
2020-06-10 19:30:43,494 [Worker-25] INFO  o.e.m.c.i.embedder.EclipseLogger - Copying 0 resource
2020-06-10 19:30:43,496 [Worker-25] WARN  o.e.m.c.i.embedder.EclipseLogger - Using platform encoding (Cp1252 actually) to copy filtered resources, i.e. build is platform dependent!
2020-06-10 19:30:43,499 [Worker-25] INFO  o.e.m.c.i.embedder.EclipseLogger - Copying 0 resource
2020-06-10 19:31:14,434 [Worker-20] WARN  o.e.m.c.i.embedder.EclipseLogger - Using platform encoding (Cp1252 actually) to copy filtered resources, i.e. build is platform dependent!
2020-06-10 19:31:14,441 [Worker-20] INFO  o.e.m.c.i.embedder.EclipseLogger - Copying 0 resource
2020-06-10 19:31:14,446 [Worker-20] WARN  o.e.m.c.i.embedder.EclipseLogger - Using platform encoding (Cp1252 actually) to copy filtered resources, i.e. build is platform dependent!
2020-06-10 19:31:14,464 [Worker-20] INFO  o.e.m.c.i.embedder.EclipseLogger - Copying 0 resource
2020-06-10 19:31:20,469 [Worker-27] WARN  o.e.m.c.i.embedder.EclipseLogger - Using platform encoding (Cp1252 actually) to copy filtered resources, i.e. build is platform dependent!
2020-06-10 19:31:20,503 [Worker-27] INFO  o.e.m.c.i.embedder.EclipseLogger - Copying 0 resource
2020-06-10 19:31:20,505 [Worker-27] WARN  o.e.m.c.i.embedder.EclipseLogger - Using platform encoding (Cp1252 actually) to copy filtered resources, i.e. build is platform dependent!
2020-06-10 19:31:20,518 [Worker-27] INFO  o.e.m.c.i.embedder.EclipseLogger - Copying 0 resource
2020-06-10 19:42:56,570 [Worker-30] WARN  o.e.m.c.i.embedder.EclipseLogger - Using platform encoding (Cp1252 actually) to copy filtered resources, i.e. build is platform dependent!
2020-06-10 19:42:56,573 [Worker-30] INFO  o.e.m.c.i.embedder.EclipseLogger - Copying 0 resource
2020-06-10 19:42:56,575 [Worker-30] WARN  o.e.m.c.i.embedder.EclipseLogger - Using platform encoding (Cp1252 actually) to copy filtered resources, i.e. build is platform dependent!
2020-06-10 19:42:56,578 [Worker-30] INFO  o.e.m.c.i.embedder.EclipseLogger - Copying 0 resource
2020-06-12 13:17:42,594 [Worker-0] INFO  c.g.t.t.d.PublishedGradleVersions - Gradle version information cache is out-of-date. Trying to update.
2020-06-12 13:17:53,612 [Worker-12] INFO  o.e.m.c.i.l.LifecycleMappingFactory - Using org.eclipse.m2e.jdt.JarLifecycleMapping lifecycle mapping for MavenProject: com.team1280.robotsim:RobotSim2.0:0.0.1-SNAPSHOT @ D:\Programs\Java\RobotSim2.0\RobotSim2.0\pom.xml.
2020-06-12 13:17:55,163 [Worker-3] WARN  o.e.m.c.i.embedder.EclipseLogger - Using platform encoding (Cp1252 actually) to copy filtered resources, i.e. build is platform dependent!
2020-06-12 13:17:55,170 [Worker-3] INFO  o.e.m.c.i.embedder.EclipseLogger - Copying 0 resource
2020-06-12 13:17:55,173 [Worker-3] WARN  o.e.m.c.i.embedder.EclipseLogger - Using platform encoding (Cp1252 actually) to copy filtered resources, i.e. build is platform dependent!
2020-06-12 13:17:55,177 [Worker-3] INFO  o.e.m.c.i.embedder.EclipseLogger - Copying 0 resource
2020-06-13 14:33:28,212 [Worker-4] INFO  c.g.t.t.d.PublishedGradleVersions - Gradle version information cache is out-of-date. Trying to update.
2020-06-13 14:43:52,757 [Worker-12] WARN  o.e.m.c.i.embedder.EclipseLogger - Using platform encoding (Cp1252 actually) to copy filtered resources, i.e. build is platform dependent!
2020-06-13 14:43:52,786 [Worker-12] INFO  o.e.m.c.i.embedder.EclipseLogger - Copying 0 resource
2020-06-13 14:43:52,789 [Worker-12] WARN  o.e.m.c.i.embedder.EclipseLogger - Using platform encoding (Cp1252 actually) to copy filtered resources, i.e. build is platform dependent!
2020-06-13 14:43:52,852 [Worker-12] INFO  o.e.m.c.i.embedder.EclipseLogger - Copying 0 resource
2020-06-13 14:44:36,503 [Worker-20] WARN  o.e.m.c.i.embedder.EclipseLogger - Using platform encoding (Cp1252 actually) to copy filtered resources, i.e. build is platform dependent!
2020-06-13 14:44:36,529 [Worker-20] INFO  o.e.m.c.i.embedder.EclipseLogger - Copying 0 resource
2020-06-13 14:44:36,531 [Worker-20] WARN  o.e.m.c.i.embedder.EclipseLogger - Using platform encoding (Cp1252 actually) to copy filtered resources, i.e. build is platform dependent!
2020-06-13 14:44:36,536 [Worker-20] INFO  o.e.m.c.i.embedder.EclipseLogger - Copying 0 resource
2020-06-13 14:45:35,304 [Worker-10] WARN  o.e.r.models.ModelRepository - Failed to download org.eclipse.recommenders:index::zip:0.0.0
org.eclipse.aether.resolution.ArtifactResolutionException: Could not find artifact org.eclipse.recommenders:index:zip:0.0.0-SNAPSHOT in models (http://download.eclipse.org/recommenders/models/oxygen/)
	at org.eclipse.aether.internal.impl.DefaultArtifactResolver.resolve(DefaultArtifactResolver.java:453) ~[na:na]
	at org.eclipse.aether.internal.impl.DefaultArtifactResolver.resolveArtifacts(DefaultArtifactResolver.java:255) ~[na:na]
	at org.eclipse.aether.internal.impl.DefaultArtifactResolver.resolveArtifact(DefaultArtifactResolver.java:232) ~[na:na]
	at org.eclipse.aether.internal.impl.DefaultRepositorySystem.resolveArtifact(DefaultRepositorySystem.java:303) ~[na:na]
	at org.eclipse.recommenders.models.ModelRepository.resolveInternal(ModelRepository.java:193) [org.eclipse.recommenders.models_2.5.0.v20171201-1623.jar:na]
	at org.eclipse.recommenders.models.ModelRepository.resolve(ModelRepository.java:172) [org.eclipse.recommenders.models_2.5.0.v20171201-1623.jar:na]
	at org.eclipse.recommenders.internal.models.rcp.EclipseModelRepository.resolve(EclipseModelRepository.java:168) [org.eclipse.recommenders.models.rcp_2.5.0.v20171201-1623.jar:na]
	at org.eclipse.recommenders.internal.models.rcp.DownloadModelArchiveJob.run(DownloadModelArchiveJob.java:76) [org.eclipse.recommenders.models.rcp_2.5.0.v20171201-1623.jar:na]
	at org.eclipse.core.internal.jobs.Worker.run(Worker.java:56) [org.eclipse.core.jobs_3.9.2.v20171030-1027.jar:na]
Caused by: org.eclipse.aether.transfer.ArtifactNotFoundException: Could not find artifact org.eclipse.recommenders:index:zip:0.0.0-SNAPSHOT in models (http://download.eclipse.org/recommenders/models/oxygen/)
	at org.eclipse.aether.connector.basic.ArtifactTransportListener.transferFailed(ArtifactTransportListener.java:48) ~[org.apache.maven.resolver.connector.basic_1.0.3.v20170405-0725.jar:1.0.3]
	at org.eclipse.aether.connector.basic.BasicRepositoryConnector$TaskRunner.run(BasicRepositoryConnector.java:364) ~[org.apache.maven.resolver.connector.basic_1.0.3.v20170405-0725.jar:1.0.3]
	at org.eclipse.aether.util.concurrency.RunnableErrorForwarder$1.run(RunnableErrorForwarder.java:76) ~[na:na]
	at org.eclipse.aether.connector.basic.BasicRepositoryConnector$DirectExecutor.execute(BasicRepositoryConnector.java:590) ~[org.apache.maven.resolver.connector.basic_1.0.3.v20170405-0725.jar:1.0.3]
	at org.eclipse.aether.connector.basic.BasicRepositoryConnector.get(BasicRepositoryConnector.java:258) ~[org.apache.maven.resolver.connector.basic_1.0.3.v20170405-0725.jar:1.0.3]
	at org.eclipse.aether.internal.impl.DefaultArtifactResolver.performDownloads(DefaultArtifactResolver.java:529) ~[na:na]
	at org.eclipse.aether.internal.impl.DefaultArtifactResolver.resolve(DefaultArtifactResolver.java:430) ~[na:na]
	... 8 common frames omitted
2020-06-13 14:46:12,985 [Worker-10] WARN  o.e.m.c.i.embedder.EclipseLogger - Using platform encoding (Cp1252 actually) to copy filtered resources, i.e. build is platform dependent!
2020-06-13 14:46:13,023 [Worker-10] INFO  o.e.m.c.i.embedder.EclipseLogger - Copying 0 resource
2020-06-13 14:46:13,027 [Worker-10] WARN  o.e.m.c.i.embedder.EclipseLogger - Using platform encoding (Cp1252 actually) to copy filtered resources, i.e. build is platform dependent!
2020-06-13 14:46:13,053 [Worker-10] INFO  o.e.m.c.i.embedder.EclipseLogger - Copying 0 resource
2020-06-13 23:27:56,974 [Worker-39] WARN  o.e.m.c.i.embedder.EclipseLogger - Using platform encoding (Cp1252 actually) to copy filtered resources, i.e. build is platform dependent!
2020-06-13 23:27:57,200 [Worker-39] INFO  o.e.m.c.i.embedder.EclipseLogger - Copying 0 resource
2020-06-13 23:27:57,202 [Worker-39] WARN  o.e.m.c.i.embedder.EclipseLogger - Using platform encoding (Cp1252 actually) to copy filtered resources, i.e. build is platform dependent!
2020-06-13 23:27:57,206 [Worker-39] INFO  o.e.m.c.i.embedder.EclipseLogger - Copying 0 resource
2020-06-13 23:28:02,878 [Worker-46] WARN  o.e.m.c.i.embedder.EclipseLogger - Using platform encoding (Cp1252 actually) to copy filtered resources, i.e. build is platform dependent!
2020-06-13 23:28:02,882 [Worker-46] INFO  o.e.m.c.i.embedder.EclipseLogger - Copying 0 resource
2020-06-13 23:28:02,885 [Worker-46] WARN  o.e.m.c.i.embedder.EclipseLogger - Using platform encoding (Cp1252 actually) to copy filtered resources, i.e. build is platform dependent!
2020-06-13 23:28:02,891 [Worker-46] INFO  o.e.m.c.i.embedder.EclipseLogger - Copying 0 resource
